[17:15:22] [ServerMain/INFO]: Environment: Environment[sessionHost=https://sessionserver.mojang.com, servicesHost=https://api.minecraftservices.com, name=PROD]
[17:15:25] [ServerMain/INFO]: Loaded 7 recipes
[17:15:26] [ServerMain/INFO]: Loaded 1271 advancements
[17:15:27] [Server thread/INFO]: Starting minecraft server version 1.20.4
[17:15:27] [Server thread/INFO]: Loading properties
[17:15:27] [Server thread/INFO]: Default game type: SURVIVAL
[17:15:27] [Server thread/INFO]: Generating keypair
[17:15:27] [Server thread/INFO]: Starting Minecraft server on *:25565
[17:15:27] [Server thread/INFO]: Using default channel type
[17:15:27] [Server thread/WARN]: **** SERVER IS RUNNING IN OFFLINE/INSECURE MODE!
[17:15:27] [Server thread/WARN]: The server will make no attempt to authenticate usernames. Beware.
[17:15:27] [Server thread/WARN]: While this makes the game possible to play without internet access, it also opens up the ability for hackers to connect with any username they choose.
[17:15:27] [Server thread/WARN]: To change this, set "online-mode" to "true" in the server.properties file.
[17:15:27] [Server thread/INFO]: Preparing level "world"
[17:15:31] [Server thread/INFO]: Preparing start region for dimension minecraft:overworld
[17:15:37] [Worker-Main-3/INFO]: Preparing spawn area: 0%
[17:15:37] [Worker-Main-2/INFO]: Preparing spawn area: 0%
[17:15:37] [Worker-Main-2/INFO]: Preparing spawn area: 0%
[17:15:37] [Worker-Main-2/INFO]: Preparing spawn area: 0%
[17:15:37] [Worker-Main-2/INFO]: Preparing spawn area: 0%
[17:15:37] [Worker-Main-2/INFO]: Preparing spawn area: 0%
[17:15:37] [Worker-Main-2/INFO]: Preparing spawn area: 0%
[17:15:37] [Worker-Main-2/INFO]: Preparing spawn area: 0%
[17:15:37] [Worker-Main-2/INFO]: Preparing spawn area: 0%
[17:15:37] [Worker-Main-2/INFO]: Preparing spawn area: 0%
[17:15:37] [Worker-Main-2/INFO]: Preparing spawn area: 0%
[17:15:37] [Worker-Main-2/INFO]: Preparing spawn area: 0%
[17:15:37] [Worker-Main-2/INFO]: Preparing spawn area: 1%
[17:15:38] [Worker-Main-2/INFO]: Preparing spawn area: 15%
[17:15:38] [Worker-Main-3/INFO]: Preparing spawn area: 34%
[17:15:39] [Worker-Main-3/INFO]: Preparing spawn area: 84%
[17:15:39] [Server thread/INFO]: Time elapsed: 7626 ms
[17:15:39] [Server thread/INFO]: Done (11.336s)! For help, type "help"
[17:16:32] [Server thread/INFO]: Sana201p[/[0:0:0:0:0:0:0:1]:60390] logged in with entity id 142 at (65.71621034324505, 64.875, -23.112517700418586)
[17:16:32] [Server thread/INFO]: Sana201p joined the game
[17:18:00] [Server thread/INFO]: Sana201p was shot by Skeleton
[17:22:09] [Server thread/INFO]: Sana201p lost connection: Disconnected
[17:22:09] [Server thread/INFO]: Sana201p left the game
